<?xml version="1.0" encoding="UTF-8"?>
<!-- Generated by org.testng.reporters.JUnitReportReporter -->
<testsuite hostname="Manda-VAIO" name="test.yahooTest" tests="2" failures="0" timestamp="17 Jan 2015 18:55:18 GMT" time="0.005" errors="0">
  <testcase name="test2" time="0.002" classname="test.yahooTest"/>
  <testcase name="test1" time="0.003" classname="test.yahooTest"/>
</testsuite> <!-- test.yahooTest -->
