<?xml version="1.0" encoding="UTF-8"?>
<!-- Generated by org.testng.reporters.JUnitReportReporter -->
<testsuite hostname="Manda-VAIO" name="SampleTest" tests="1" failures="0" timestamp="10 Dec 2014 22:35:20 GMT" time="0.037" errors="0">
  <testcase name="test1" time="0.037" classname="SampleTest"/>
</testsuite> <!-- SampleTest -->
