<?xml version="1.0" encoding="UTF-8"?>
<!-- Generated by org.testng.reporters.JUnitReportReporter -->
<testsuite hostname="Manda-VAIO" name="test.SampleTest" tests="1" failures="0" timestamp="17 Jan 2015 18:55:18 GMT" time="0.010" errors="0">
  <testcase name="test1" time="0.010" classname="test.SampleTest"/>
</testsuite> <!-- test.SampleTest -->
